0 info it worked if it ends with ok
1 verbose cli [ 'c:\\Program Files\\nodejs\\node.exe',
1 verbose cli   'c:\\Program Files\\nodejs\\node_modules\\npm\\bin\\npm-cli.js',
1 verbose cli   'run',
1 verbose cli   'gen' ]
2 info using npm@1.4.28
3 info using node@v0.10.35
4 verbose run-script [ 'pregen', 'gen', 'postgen' ]
5 info pregen o-@0.4.0
6 info gen o-@0.4.0
7 verbose unsafe-perm in lifecycle true
8 info o-@0.4.0 Failed to exec gen script
9 error o-@0.4.0 gen: `node bin/gen.js && node bin/gendoc.js`
9 error Exit status 8
10 error Failed at the o-@0.4.0 gen script.
10 error This is most likely a problem with the o- package,
10 error not with npm itself.
10 error Tell the author that this fails on your system:
10 error     node bin/gen.js && node bin/gendoc.js
10 error You can get their info via:
10 error     npm owner ls o-
10 error There is likely additional logging output above.
11 error System Windows_NT 6.1.7601
12 error command "c:\\Program Files\\nodejs\\node.exe" "c:\\Program Files\\nodejs\\node_modules\\npm\\bin\\npm-cli.js" "run" "gen"
13 error cwd c:\_jk\_lnet\o-
14 error node -v v0.10.35
15 error npm -v 1.4.28
16 error code ELIFECYCLE
17 verbose exit [ 1, true ]
